<?xml version="1.0" encoding="UTF-8"?>
<testng-results skipped="0" failed="0" ignored="0" total="1" passed="1">
  <reporter-output>
  </reporter-output>
  <suite name="Default suite" duration-ms="63" started-at="2018-07-24T11:55:59Z" finished-at="2018-07-24T11:55:59Z">
    <groups>
    </groups>
    <test name="Default test" duration-ms="63" started-at="2018-07-24T11:55:59Z" finished-at="2018-07-24T11:55:59Z">
      <class name="PP.Training.PP.MProj1.Testing">
        <test-method status="PASS" signature="f()[pri:0, instance:PP.Training.PP.MProj1.Testing@38bc8ab5]" name="f" duration-ms="16" started-at="2018-07-24T11:55:59Z" finished-at="2018-07-24T11:55:59Z">
          <reporter-output>
          </reporter-output>
        </test-method> <!-- f -->
      </class> <!-- PP.Training.PP.MProj1.Testing -->
    </test> <!-- Default test -->
  </suite> <!-- Default suite -->
</testng-results>
